2026-02-21 06:34:14 | FAILED to send to ryanbarilla16@gmail.com: Failed to send receipt email via SMTP
2026-02-21 06:41:29 | FAILED to send to ryanbarilla16@gmail.com: SMTP Error: 535-5.7.8 Username and Password not accepted. For more information, go to
535 5.7.8  https://support.google.com/mail/?p=BadCredentials d9443c01a7336-2ad75052e9asm11414745ad.88 - gsmtp
SMTP Debug:
06:41:27 Connecting to ssl://smtp.gmail.com:465
06:41:28 << 220 smtp.gmail.com ESMTP d9443c01a7336-2ad75052e9asm11414745ad.88 - gsmtp
06:41:28 >> EHLO LAPTOP-7KGBOJO4
06:41:28 << 250-smtp.gmail.com at your service, [136.158.65.119]
250-SIZE 35882577
250-8BITMIME
250-AUTH LOGIN PLAIN XOAUTH2 PLAIN-CLIENTTOKEN OAUTHBEARER XOAUTH
250-ENHANCEDSTATUSCODES
250-PIPELINING
250-CHUNKING
250 SMTPUTF8
06:41:28 >> AUTH LOGIN
06:41:28 << 334 VXNlcm5hbWU6
06:41:28 >> [BASE64 DATA]
06:41:28 << 334 UGFzc3dvcmQ6
06:41:28 >> [BASE64 DATA]
06:41:29 << 535-5.7.8 Username and Password not accepted. For more information, go to
535 5.7.8  https://support.google.com/mail/?p=BadCredentials d9443c01a7336-2ad75052e9asm11414745ad.88 - gsmtp
06:41:29 Error: SMTP Error: 535-5.7.8 Username and Password not accepted. For more information, go to
535 5.7.8  https://support.google.com/mail/?p=BadCredentials d9443c01a7336-2ad75052e9asm11414745ad.88 - gsmtp
---
2026-02-21 06:59:05 | FAILED to send to ryanbarilla16@gmail.com: SMTP: SMTP Error: 535-5.7.8 Username and Password not accepted. For more information, go to
535 5.7.8  https://support.google.com/mail/?p=BadCredentials d2e1a72fcca58-826dd641313sm1177596b3a.1 - gsmtp
SMTP Debug:
06:59:04 Connecting to ssl://smtp.gmail.com:465
06:59:05 << 220 smtp.gmail.com ESMTP d2e1a72fcca58-826dd641313sm1177596b3a.1 - gsmtp
06:59:05 >> EHLO LAPTOP-7KGBOJO4
06:59:05 << 250-smtp.gmail.com at your service, [136.158.65.119]
250-SIZE 35882577
250-8BITMIME
250-AUTH LOGIN PLAIN XOAUTH2 PLAIN-CLIENTTOKEN OAUTHBEARER XOAUTH
250-ENHANCEDSTATUSCODES
250-PIPELINING
250-CHUNKING
250 SMTPUTF8
06:59:05 >> AUTH LOGIN
06:59:05 << 334 VXNlcm5hbWU6
06:59:05 >> [BASE64 CREDENTIALS]
06:59:05 << 334 UGFzc3dvcmQ6
06:59:05 >> [BASE64 CREDENTIALS]
06:59:05 << 535-5.7.8 Username and Password not accepted. For more information, go to
535 5.7.8  https://support.google.com/mail/?p=BadCredentials d2e1a72fcca58-826dd641313sm1177596b3a.1 - gsmtp
06:59:05 SMTP method failed: SMTP Error: 535-5.7.8 Username and Password not accepted. For more information, go to
535 5.7.8  https://support.google.com/mail/?p=BadCredentials d2e1a72fcca58-826dd641313sm1177596b3a.1 - gsmtp
06:59:05 All methods failed.
---
2026-02-23 10:03:18 | SUCCESS: Receipt sent to ryanbarilla16@gmail.com for order #SCMY4D
SMTP Debug:
10:03:18 SUCCESS: Email sent to ryanbarilla16@gmail.com via PHPMailer SMTP
---
2026-02-25 15:26:16 | SUCCESS: Receipt sent to ryanbarilla16@gmail.com for order #HPLLUK
SMTP Debug:
15:26:16 SUCCESS: Email sent to ryanbarilla16@gmail.com via PHPMailer SMTP
---
